...found 11 targets...
...updating 5 targets...
common.mkdir /opt/local/USD/build/boost
common.mkdir /opt/local/USD/build/boost/architecture
common.mkdir /opt/local/USD/build/boost/architecture/clang-darwin-4.2.1
common.mkdir /opt/local/USD/build/boost/architecture/clang-darwin-4.2.1/debug
clang-darwin.compile.c++ /opt/local/USD/build/boost/architecture/clang-darwin-4.2.1/debug/32.o
libs/config/checks/architecture/32.cpp:9:10: error: 'test' declared as an array with a negative size
int test[sizeof(void*) == 4? 1 : -1];
         ^~~~~~~~~~~~~~~~~~~~~~~~~~
1 error generated.

    "clang++" -x c++ -O0 -g -O0 -fno-inline -Wall -g   -c -o "/opt/local/USD/build/boost/architecture/clang-darwin-4.2.1/debug/32.o" "libs/config/checks/architecture/32.cpp"

...failed clang-darwin.compile.c++ /opt/local/USD/build/boost/architecture/clang-darwin-4.2.1/debug/32.o...
...failed updating 1 target...
...updated 4 targets...
...found 2 targets...
...updating 1 target...
clang-darwin.compile.c++ /opt/local/USD/build/boost/architecture/clang-darwin-4.2.1/debug/64.o
...updated 1 target...
...found 2 targets...
...updating 1 target...
clang-darwin.compile.c++ /opt/local/USD/build/boost/architecture/clang-darwin-4.2.1/debug/arm.o
libs/config/checks/architecture/arm.cpp:13:2: error: "Not ARM"
#error "Not ARM"
 ^
1 error generated.

    "clang++" -x c++ -O0 -g -O0 -fno-inline -Wall -g   -c -o "/opt/local/USD/build/boost/architecture/clang-darwin-4.2.1/debug/arm.o" "libs/config/checks/architecture/arm.cpp"

...failed clang-darwin.compile.c++ /opt/local/USD/build/boost/architecture/clang-darwin-4.2.1/debug/arm.o...
...failed updating 1 target...
...found 2 targets...
...updating 1 target...
clang-darwin.compile.c++ /opt/local/USD/build/boost/architecture/clang-darwin-4.2.1/debug/mips1.o
libs/config/checks/architecture/mips1.cpp:10:2: error: "Not MIPS1"
#error "Not MIPS1"
 ^
1 error generated.

    "clang++" -x c++ -O0 -g -O0 -fno-inline -Wall -g   -c -o "/opt/local/USD/build/boost/architecture/clang-darwin-4.2.1/debug/mips1.o" "libs/config/checks/architecture/mips1.cpp"

...failed clang-darwin.compile.c++ /opt/local/USD/build/boost/architecture/clang-darwin-4.2.1/debug/mips1.o...
...failed updating 1 target...
...found 2 targets...
...updating 1 target...
clang-darwin.compile.c++ /opt/local/USD/build/boost/architecture/clang-darwin-4.2.1/debug/power.o
libs/config/checks/architecture/power.cpp:13:2: error: "Not PPC"
#error "Not PPC"
 ^
1 error generated.

    "clang++" -x c++ -O0 -g -O0 -fno-inline -Wall -g   -c -o "/opt/local/USD/build/boost/architecture/clang-darwin-4.2.1/debug/power.o" "libs/config/checks/architecture/power.cpp"

...failed clang-darwin.compile.c++ /opt/local/USD/build/boost/architecture/clang-darwin-4.2.1/debug/power.o...
...failed updating 1 target...
...found 2 targets...
...updating 1 target...
clang-darwin.compile.c++ /opt/local/USD/build/boost/architecture/clang-darwin-4.2.1/debug/sparc.o
libs/config/checks/architecture/sparc.cpp:10:2: error: "Not SPARC"
#error "Not SPARC"
 ^
1 error generated.

    "clang++" -x c++ -O0 -g -O0 -fno-inline -Wall -g   -c -o "/opt/local/USD/build/boost/architecture/clang-darwin-4.2.1/debug/sparc.o" "libs/config/checks/architecture/sparc.cpp"

...failed clang-darwin.compile.c++ /opt/local/USD/build/boost/architecture/clang-darwin-4.2.1/debug/sparc.o...
...failed updating 1 target...
...found 2 targets...
...updating 1 target...
clang-darwin.compile.c++ /opt/local/USD/build/boost/architecture/clang-darwin-4.2.1/debug/x86.o
...updated 1 target...
...found 3 targets...
...updating 3 targets...
common.mkdir /opt/local/USD/build/boost/bin.v2
link.touch /opt/local/USD/build/boost/bin.v2/test-symlink-source
link.mklink /opt/local/USD/build/boost/bin.v2/test-symlink
...updated 3 targets...
...found 116 targets...
...updating 8 targets...
common.mkdir /opt/local/USD/build/boost/bin.v2/libs
common.mkdir /opt/local/USD/build/boost/bin.v2/libs/regex
common.mkdir /opt/local/USD/build/boost/bin.v2/libs/regex/build
common.mkdir /opt/local/USD/build/boost/bin.v2/libs/regex/build/clang-darwin-4.2.1
common.mkdir /opt/local/USD/build/boost/bin.v2/libs/regex/build/clang-darwin-4.2.1/debug
clang-darwin.compile.c++ /opt/local/USD/build/boost/bin.v2/libs/regex/build/clang-darwin-4.2.1/debug/has_icu_test.o
libs/regex/build/has_icu_test.cpp:12:10: fatal error: 'unicode/uversion.h' file not found
#include <unicode/uversion.h>
         ^
1 error generated.

    "clang++" -x c++ -O0 -g -O0 -fno-inline -Wall -pedantic -g -DBOOST_ALL_NO_LIB=1 -DBOOST_HAS_ICU=1 -I"." -c -o "/opt/local/USD/build/boost/bin.v2/libs/regex/build/clang-darwin-4.2.1/debug/has_icu_test.o" "libs/regex/build/has_icu_test.cpp"

...failed clang-darwin.compile.c++ /opt/local/USD/build/boost/bin.v2/libs/regex/build/clang-darwin-4.2.1/debug/has_icu_test.o...
...skipped <p/opt/local/USD/build/boost/bin.v2/libs/regex/build/clang-darwin-4.2.1/debug>has_icu_exe for lack of <p/opt/local/USD/build/boost/bin.v2/libs/regex/build/clang-darwin-4.2.1/debug>has_icu_test.o...
...skipped <p/opt/local/USD/build/boost/bin.v2/libs/regex/build/clang-darwin-4.2.1/debug>has_icu.output for lack of <p/opt/local/USD/build/boost/bin.v2/libs/regex/build/clang-darwin-4.2.1/debug>has_icu_exe...
...failed updating 1 target...
...skipped 2 targets...
...updated 5 targets...
...patience...
...found 116 targets...
...updating 14 targets...
common.mkdir /opt/local/USD/build/boost/bin.v2/libs/thread
common.mkdir /opt/local/USD/build/boost/bin.v2/libs/system
common.mkdir /opt/local/USD/build/boost/bin.v2/libs/thread/build
common.mkdir /opt/local/USD/build/boost/bin.v2/libs/system/build
common.mkdir /opt/local/USD/build/boost/bin.v2/libs/thread/build/clang-darwin-4.2.1
common.mkdir /opt/local/USD/build/boost/bin.v2/libs/system/build/clang-darwin-4.2.1
common.mkdir /opt/local/USD/build/boost/bin.v2/libs/thread/build/clang-darwin-4.2.1/debug
common.mkdir /opt/local/USD/build/boost/bin.v2/libs/system/build/clang-darwin-4.2.1/debug
common.mkdir /opt/local/USD/build/boost/bin.v2/libs/thread/build/clang-darwin-4.2.1/debug/threading-multi
common.mkdir /opt/local/USD/build/boost/bin.v2/libs/system/build/clang-darwin-4.2.1/debug/threading-multi
clang-darwin.compile.c++ /opt/local/USD/build/boost/bin.v2/libs/thread/build/clang-darwin-4.2.1/debug/threading-multi/has_atomic_flag_lockfree_test.o
clang-darwin.compile.c++ /opt/local/USD/build/boost/bin.v2/libs/system/build/clang-darwin-4.2.1/debug/threading-multi/error_code.o
clang-darwin.link.dll /opt/local/USD/build/boost/bin.v2/libs/system/build/clang-darwin-4.2.1/debug/threading-multi/libboost_system.dylib
clang-darwin.link /opt/local/USD/build/boost/bin.v2/libs/thread/build/clang-darwin-4.2.1/debug/threading-multi/has_atomic_flag_lockfree
...updated 14 targets...
...found 1 target...
...updating 1 target...
config-cache.write /opt/local/USD/build/boost/bin.v2/project-cache.jam
...updated 1 target...
